<?xml version="1.0" encoding="UTF-8"?>
<testsuite xmlns:xsi="http://www.w3.org/2001/XMLSchema-instance" xsi:noNamespaceSchemaLocation="https://maven.apache.org/surefire/maven-surefire-plugin/xsd/surefire-test-report-3.0.xsd" version="3.0" name="io.github.sosuisen.jfxbuilder.controls.ListViewBuilderTest" time="5.2" tests="19" errors="0" skipped="0" failures="0">
  <properties>
[...]
</properties>
  <testcase name="shouldCreateListViewBuilderWithDefaultConstructor" classname="io.github.sosuisen.jfxbuilder.controls.ListViewBuilderTest" time="0.279"/>
  <testcase name="shouldAllowIndependentModificationOfMultipleInstances" classname="io.github.sosuisen.jfxbuilder.controls.ListViewBuilderTest" time="0.276"/>
  <testcase name="shouldHandleNullItemsGracefully" classname="io.github.sosuisen.jfxbuilder.controls.ListViewBuilderTest" time="0.272"/>
  <testcase name="shouldSetFixedCellSizeProperty" classname="io.github.sosuisen.jfxbuilder.controls.ListViewBuilderTest" time="0.273"/>
  <testcase name="shouldWorkWithDifferentGenericTypes" classname="io.github.sosuisen.jfxbuilder.controls.ListViewBuilderTest" time="0.271"/>
  <testcase name="shouldSetVisibleProperty" classname="io.github.sosuisen.jfxbuilder.controls.ListViewBuilderTest" time="0.276"/>
  <testcase name="shouldSetPlaceholderProperty" classname="io.github.sosuisen.jfxbuilder.controls.ListViewBuilderTest" time="0.273"/>
  <testcase name="shouldSetEditableProperty" classname="io.github.sosuisen.jfxbuilder.controls.ListViewBuilderTest" time="0.27"/>
  <testcase name="shouldSetId" classname="io.github.sosuisen.jfxbuilder.controls.ListViewBuilderTest" time="0.273"/>
  <testcase name="shouldSetOrientationProperty" classname="io.github.sosuisen.jfxbuilder.controls.ListViewBuilderTest" time="0.273"/>
  <testcase name="shouldCreateDifferentInstancesOnMultipleBuildCalls" classname="io.github.sosuisen.jfxbuilder.controls.ListViewBuilderTest" time="0.273"/>
  <testcase name="shouldApplyCustomConsumerFunction" classname="io.github.sosuisen.jfxbuilder.controls.ListViewBuilderTest" time="0.277"/>
  <testcase name="shouldSupportDelayedInitializationWithParameterizedConstructor" classname="io.github.sosuisen.jfxbuilder.controls.ListViewBuilderTest" time="0.27"/>
  <testcase name="shouldSetItemsProperty" classname="io.github.sosuisen.jfxbuilder.controls.ListViewBuilderTest" time="0.274"/>
  <testcase name="shouldSetStyle" classname="io.github.sosuisen.jfxbuilder.controls.ListViewBuilderTest" time="0.275"/>
  <testcase name="shouldCreateListViewBuilderWithItems" classname="io.github.sosuisen.jfxbuilder.controls.ListViewBuilderTest" time="0.274"/>
  <testcase name="shouldSetManagedProperty" classname="io.github.sosuisen.jfxbuilder.controls.ListViewBuilderTest" time="0.274"/>
  <testcase name="shouldSetSizeProperties" classname="io.github.sosuisen.jfxbuilder.controls.ListViewBuilderTest" time="0.274"/>
  <testcase name="shouldChainMultipleBuilderMethods" classname="io.github.sosuisen.jfxbuilder.controls.ListViewBuilderTest" time="0.272"/>
</testsuite>